#
# There is insufficient memory for the Java Runtime Environment to continue.
# Native memory allocation (malloc) failed to allocate 385136 bytes for Chunk::new
# Possible reasons:
#   The system is out of physical RAM or swap space
#   The process is running with CompressedOops enabled, and the Java Heap may be blocking the growth of the native heap
# Possible solutions:
#   Reduce memory load on the system
#   Increase physical memory or swap space
#   Check if swap backing store is full
#   Decrease Java heap size (-Xmx/-Xms)
#   Decrease number of Java threads
#   Decrease Java thread stack sizes (-Xss)
#   Set larger code cache with -XX:ReservedCodeCacheSize=
#   JVM is running with Unscaled Compressed Oops mode in which the Java heap is
#     placed in the first 4GB address space. The Java Heap base address is the
#     maximum limit for the native heap growth. Please use -XX:HeapBaseMinAddress
#     to set the Java Heap base and to place the Java Heap above 4GB virtual address.
# This output file may be truncated or incomplete.
#
#  Out of Memory Error (allocation.cpp:389), pid=5304, tid=0x0000000000001524
#
# JRE version: OpenJDK Runtime Environment (8.0_202-b03) (build 1.8.0_202-release-1483-b03)
# Java VM: OpenJDK 64-Bit Server VM (25.202-b03 mixed mode windows-amd64 compressed oops)
# Failed to write core dump. Minidumps are not enabled by default on client versions of Windows
#

---------------  T H R E A D  ---------------

Current thread (0x0000000015dab800):  JavaThread "C2 CompilerThread1" daemon [_thread_in_native, id=5412, stack(0x00000000174e0000,0x00000000175e0000)]

Stack: [0x00000000174e0000,0x00000000175e0000]
[error occurred during error reporting (printing stack bounds), id 0xc0000005]

Native frames: (J=compiled Java code, j=interpreted, Vv=VM code, C=native code)


Current CompileTask:
C2:  62291 3602   !   4       java.util.jar.Attributes::read (380 bytes)


---------------  P R O C E S S  ---------------

Java Threads: ( => current thread )
  0x0000000018b97000 JavaThread "Cache worker for Build Output Cleanup Cache (E:\Android Project\Android Project\FogPlus\.gradle\buildOutputCleanup)" [_thread_blocked, id=3956, stack(0x000000001ff70000,0x0000000020070000)]
  0x0000000018b9c000 JavaThread "Build operations Thread 4" [_thread_blocked, id=5632, stack(0x000000001f470000,0x000000001f570000)]
  0x0000000018b9a800 JavaThread "Build operations Thread 3" [_thread_blocked, id=5620, stack(0x000000001f370000,0x000000001f470000)]
  0x0000000018b9d000 JavaThread "Build operations Thread 2" [_thread_blocked, id=5616, stack(0x000000001f270000,0x000000001f370000)]
  0x0000000018b9b800 JavaThread "Build operations" [_thread_blocked, id=2896, stack(0x000000001f170000,0x000000001f270000)]
  0x0000000018b96000 JavaThread "Cache worker for execution history cache (C:\Users\Vijay\.gradle\caches\5.4.1\executionHistory)" [_thread_blocked, id=5768, stack(0x000000001ee70000,0x000000001ef70000)]
  0x0000000018b9a000 JavaThread "Cache worker for cache directory md-rule (C:\Users\Vijay\.gradle\caches\5.4.1\md-rule)" [_thread_blocked, id=5744, stack(0x000000001eb70000,0x000000001ec70000)]
  0x0000000018b99000 JavaThread "Cache worker for cache directory md-supplier (C:\Users\Vijay\.gradle\caches\5.4.1\md-supplier)" [_thread_blocked, id=5752, stack(0x000000001ea70000,0x000000001eb70000)]
  0x0000000018a7b800 JavaThread "Cache worker for file hash cache (E:\Android Project\Android Project\FogPlus\.gradle\5.4.1\fileHashes)" [_thread_blocked, id=2216, stack(0x000000001cc70000,0x000000001cd70000)]
  0x0000000018a7a800 JavaThread "Cache worker for journal cache (C:\Users\Vijay\.gradle\caches\journal-1)" [_thread_blocked, id=5720, stack(0x000000001a8d0000,0x000000001a9d0000)]
  0x0000000018a7e800 JavaThread "File lock request listener" [_thread_in_native, id=5716, stack(0x000000001a7d0000,0x000000001a8d0000)]
  0x0000000017d7c000 JavaThread "Cache worker for file hash cache (C:\Users\Vijay\.gradle\caches\5.4.1\fileHashes)" [_thread_blocked, id=5724, stack(0x000000001a6d0000,0x000000001a7d0000)]
  0x0000000018fe9000 JavaThread "Thread-9" [_thread_blocked, id=5684, stack(0x000000001a5d0000,0x000000001a6d0000)]
  0x0000000018fe8800 JavaThread "Stdin handler" [_thread_blocked, id=5668, stack(0x000000001a4d0000,0x000000001a5d0000)]
  0x0000000018fe7800 JavaThread "Asynchronous log dispatcher for DefaultDaemonConnection: socket connection from /127.0.0.1:49802 to /127.0.0.1:49804" [_thread_blocked, id=5604, stack(0x000000001a3d0000,0x000000001a4d0000)]
  0x0000000018fe4800 JavaThread "Daemon worker" [_thread_in_native, id=5596, stack(0x000000001a2d0000,0x000000001a3d0000)]
  0x0000000018fe2800 JavaThread "Cancel handler" [_thread_blocked, id=5600, stack(0x000000001a1d0000,0x000000001a2d0000)]
  0x0000000018fc4800 JavaThread "Handler for socket connection from /127.0.0.1:49802 to /127.0.0.1:49804" [_thread_in_native, id=5580, stack(0x0000000019ed0000,0x0000000019fd0000)]
  0x0000000018fc1800 JavaThread "Daemon" [_thread_blocked, id=5576, stack(0x0000000019dd0000,0x0000000019ed0000)]
  0x0000000018f70800 JavaThread "Daemon periodic checks" [_thread_blocked, id=1900, stack(0x0000000019cd0000,0x0000000019dd0000)]
  0x0000000018f5a000 JavaThread "Incoming local TCP Connector on port 49802" [_thread_in_native, id=1908, stack(0x0000000019af0000,0x0000000019bf0000)]
  0x0000000018977800 JavaThread "Daemon health stats" [_thread_blocked, id=5516, stack(0x00000000194b0000,0x00000000195b0000)]
  0x0000000017708800 JavaThread "Service Thread" daemon [_thread_blocked, id=5404, stack(0x0000000017ae0000,0x0000000017be0000)]
  0x0000000015db3800 JavaThread "C1 CompilerThread2" daemon [_thread_blocked, id=5416, stack(0x00000000175e0000,0x00000000176e0000)]
=>0x0000000015dab800 JavaThread "C2 CompilerThread1" daemon [_thread_in_native, id=5412, stack(0x00000000174e0000,0x00000000175e0000)]
  0x0000000015db7800 JavaThread "C2 CompilerThread0" daemon [_thread_blocked, id=5400, stack(0x00000000173e0000,0x00000000174e0000)]
  0x0000000015db6000 JavaThread "Attach Listener" daemon [_thread_blocked, id=5372, stack(0x00000000172e0000,0x00000000173e0000)]
  0x0000000015db4800 JavaThread "Signal Dispatcher" daemon [_thread_blocked, id=5376, stack(0x00000000171e0000,0x00000000172e0000)]
  0x000000000238b800 JavaThread "Finalizer" daemon [_thread_blocked, id=5392, stack(0x0000000017000000,0x0000000017100000)]
  0x0000000002381000 JavaThread "Reference Handler" daemon [_thread_blocked, id=5396, stack(0x0000000016f00000,0x0000000017000000)]
  0x000000000243d800 JavaThread "main" [_thread_blocked, id=5360, stack(0x0000000002180000,0x0000000002280000)]

Other Threads:
  0x0000000015d76800 VMThread [stack: 0x0000000016e00000,0x0000000016f00000] [id=5408]
  0x0000000017709000 WatcherThread [stack: 0x0000000017be0000,0x0000000017ce0000] [id=5388]

VM state:not at safepoint (normal execution)

VM Mutex/Monitor currently owned by a thread: None

heap address: 0x00000000a0000000, size: 1536 MB, Compressed Oops mode: 32-bit
Narrow klass base: 0x0000000000000000, Narrow klass shift: 3
Compressed class space size: 1073741824 Address: 0x0000000100000000

Heap:
 PSYoungGen      total 82432K, used 52981K [0x00000000e0000000, 0x00000000e7100000, 0x0000000100000000)
  eden space 70656K, 74% used [0x00000000e0000000,0x00000000e33bd440,0x00000000e4500000)
  from space 11776K, 0% used [0x00000000e4500000,0x00000000e4500000,0x00000000e5080000)
  to   space 12288K, 0% used [0x00000000e6500000,0x00000000e6500000,0x00000000e7100000)
 ParOldGen       total 54784K, used 16072K [0x00000000a0000000, 0x00000000a3580000, 0x00000000e0000000)
  object space 54784K, 29% used [0x00000000a0000000,0x00000000a0fb23a8,0x00000000a3580000)
 Metaspace       used 41894K, capacity 42736K, committed 43096K, reserved 1087488K
  class space    used 5672K, capacity 5904K, committed 6016K, reserved 1048576K

Card table byte_map: [0x0000000011800000,0x0000000011b10000] byte_map_base: 0x0000000011300000

Marking Bits: (ParMarkBitMap*) 0x00000000633a9f30
 Begin Bits: [0x0000000012110000, 0x0000000013910000)
 End Bits:   [0x0000000013910000, 0x0000000015110000)

Polling page: 0x00000000001f0000

CodeCache: size=245760Kb used=11370Kb max_used=11404Kb free=234389Kb
 bounds [0x0000000002440000, 0x0000000002f70000, 0x0000000011440000]
 total_blobs=4013 nmethods=3278 adapters=649
 compilation: enabled

Compilation events (10 events):
Event: 61.952 Thread 0x0000000015db7800 3603       4       java.lang.String::checkBounds (46 bytes)
Event: 61.954 Thread 0x0000000015db7800 nmethod 3603 0x000000000298bf90 code [0x000000000298c0c0, 0x000000000298c178]
Event: 61.955 Thread 0x0000000015db7800 3604       4       java.util.jar.Attributes$Name::isValid (45 bytes)
Event: 61.966 Thread 0x0000000015db7800 nmethod 3604 0x00000000029d3dd0 code [0x00000000029d3f20, 0x00000000029d4258]
Event: 61.967 Thread 0x0000000015db7800 3605       4       java.util.jar.Manifest$FastInputStream::readLine (9 bytes)
Event: 61.983 Thread 0x0000000015db7800 nmethod 3605 0x00000000029d3510 code [0x00000000029d3660, 0x00000000029d3a78]
Event: 61.985 Thread 0x0000000015db3800 3606       3       sun.security.util.DerInputStream::<init> (19 bytes)
Event: 61.986 Thread 0x0000000015db3800 nmethod 3606 0x00000000029d2fd0 code [0x00000000029d3140, 0x00000000029d33f0]
Event: 62.010 Thread 0x0000000015db3800 3607       3       java.security.Provider$ServiceKey::hashCode (16 bytes)
Event: 62.011 Thread 0x0000000015db3800 nmethod 3607 0x00000000029d59d0 code [0x00000000029d5b40, 0x00000000029d5e18]

GC Heap History (10 events):
Event: 24.962 GC heap before
{Heap before GC invocations=9 (full 1):
 PSYoungGen      total 62976K, used 56832K [0x00000000e0000000, 0x00000000e4980000, 0x0000000100000000)
  eden space 56832K, 100% used [0x00000000e0000000,0x00000000e3780000,0x00000000e3780000)
  from space 6144K, 0% used [0x00000000e3980000,0x00000000e3980000,0x00000000e3f80000)
  to   space 9216K, 0% used [0x00000000e4080000,0x00000000e4080000,0x00000000e4980000)
 ParOldGen       total 40448K, used 13655K [0x00000000a0000000, 0x00000000a2780000, 0x00000000e0000000)
  object space 40448K, 33% used [0x00000000a0000000,0x00000000a0d55c48,0x00000000a2780000)
 Metaspace       used 28140K, capacity 28578K, committed 29056K, reserved 1075200K
  class space    used 3775K, capacity 3942K, committed 3968K, reserved 1048576K
Event: 24.986 GC heap after
Heap after GC invocations=9 (full 1):
 PSYoungGen      total 65536K, used 6966K [0x00000000e0000000, 0x00000000e6400000, 0x0000000100000000)
  eden space 56320K, 0% used [0x00000000e0000000,0x00000000e0000000,0x00000000e3700000)
  from space 9216K, 75% used [0x00000000e4080000,0x00000000e474d9b8,0x00000000e4980000)
  to   space 9728K, 0% used [0x00000000e3700000,0x00000000e3700000,0x00000000e4080000)
 ParOldGen       total 40448K, used 13663K [0x00000000a0000000, 0x00000000a2780000, 0x00000000e0000000)
  object space 40448K, 33% used [0x00000000a0000000,0x00000000a0d57c48,0x00000000a2780000)
 Metaspace       used 28140K, capacity 28578K, committed 29056K, reserved 1075200K
  class space    used 3775K, capacity 3942K, committed 3968K, reserved 1048576K
}
Event: 28.119 GC heap before
{Heap before GC invocations=10 (full 1):
 PSYoungGen      total 65536K, used 63286K [0x00000000e0000000, 0x00000000e6400000, 0x0000000100000000)
  eden space 56320K, 100% used [0x00000000e0000000,0x00000000e3700000,0x00000000e3700000)
  from space 9216K, 75% used [0x00000000e4080000,0x00000000e474d9b8,0x00000000e4980000)
  to   space 9728K, 0% used [0x00000000e3700000,0x00000000e3700000,0x00000000e4080000)
 ParOldGen       total 40448K, used 13663K [0x00000000a0000000, 0x00000000a2780000, 0x00000000e0000000)
  object space 40448K, 33% used [0x00000000a0000000,0x00000000a0d57c48,0x00000000a2780000)
 Metaspace       used 31114K, capacity 31596K, committed 31872K, reserved 1077248K
  class space    used 4284K, capacity 4435K, committed 4480K, reserved 1048576K
Event: 28.150 GC heap after
Heap after GC invocations=10 (full 1):
 PSYoungGen      total 66048K, used 7620K [0x00000000e0000000, 0x00000000e5a80000, 0x0000000100000000)
  eden space 56320K, 0% used [0x00000000e0000000,0x00000000e0000000,0x00000000e3700000)
  from space 9728K, 78% used [0x00000000e3700000,0x00000000e3e711a8,0x00000000e4080000)
  to   space 10240K, 0% used [0x00000000e5080000,0x00000000e5080000,0x00000000e5a80000)
 ParOldGen       total 40448K, used 13671K [0x00000000a0000000, 0x00000000a2780000, 0x00000000e0000000)
  object space 40448K, 33% used [0x00000000a0000000,0x00000000a0d59c48,0x00000000a2780000)
 Metaspace       used 31114K, capacity 31596K, committed 31872K, reserved 1077248K
  class space    used 4284K, capacity 4435K, committed 4480K, reserved 1048576K
}
Event: 41.031 GC heap before
{Heap before GC invocations=11 (full 1):
 PSYoungGen      total 66048K, used 63940K [0x00000000e0000000, 0x00000000e5a80000, 0x0000000100000000)
  eden space 56320K, 100% used [0x00000000e0000000,0x00000000e3700000,0x00000000e3700000)
  from space 9728K, 78% used [0x00000000e3700000,0x00000000e3e711a8,0x00000000e4080000)
  to   space 10240K, 0% used [0x00000000e5080000,0x00000000e5080000,0x00000000e5a80000)
 ParOldGen       total 40448K, used 13671K [0x00000000a0000000, 0x00000000a2780000, 0x00000000e0000000)
  object space 40448K, 33% used [0x00000000a0000000,0x00000000a0d59c48,0x00000000a2780000)
 Metaspace       used 33924K, capacity 34448K, committed 34816K, reserved 1079296K
  class space    used 4667K, capacity 4819K, committed 4864K, reserved 1048576K
Event: 41.061 GC heap after
Heap after GC invocations=11 (full 1):
 PSYoungGen      total 80896K, used 10222K [0x00000000e0000000, 0x00000000e5c00000, 0x0000000100000000)
  eden space 70656K, 0% used [0x00000000e0000000,0x00000000e0000000,0x00000000e4500000)
  from space 10240K, 99% used [0x00000000e5080000,0x00000000e5a7b800,0x00000000e5a80000)
  to   space 11776K, 0% used [0x00000000e4500000,0x00000000e4500000,0x00000000e5080000)
 ParOldGen       total 40448K, used 13890K [0x00000000a0000000, 0x00000000a2780000, 0x00000000e0000000)
  object space 40448K, 34% used [0x00000000a0000000,0x00000000a0d90978,0x00000000a2780000)
 Metaspace       used 33924K, capacity 34448K, committed 34816K, reserved 1079296K
  class space    used 4667K, capacity 4819K, committed 4864K, reserved 1048576K
}
Event: 42.887 GC heap before
{Heap before GC invocations=12 (full 1):
 PSYoungGen      total 80896K, used 21563K [0x00000000e0000000, 0x00000000e5c00000, 0x0000000100000000)
  eden space 70656K, 16% used [0x00000000e0000000,0x00000000e0b13750,0x00000000e4500000)
  from space 10240K, 99% used [0x00000000e5080000,0x00000000e5a7b800,0x00000000e5a80000)
  to   space 11776K, 0% used [0x00000000e4500000,0x00000000e4500000,0x00000000e5080000)
 ParOldGen       total 40448K, used 13890K [0x00000000a0000000, 0x00000000a2780000, 0x00000000e0000000)
  object space 40448K, 34% used [0x00000000a0000000,0x00000000a0d90978,0x00000000a2780000)
 Metaspace       used 34594K, capacity 35172K, committed 35416K, reserved 1079296K
  class space    used 4759K, capacity 4933K, committed 4992K, reserved 1048576K
Event: 42.917 GC heap after
Heap after GC invocations=12 (full 1):
 PSYoungGen      total 82432K, used 9311K [0x00000000e0000000, 0x00000000e7100000, 0x0000000100000000)
  eden space 70656K, 0% used [0x00000000e0000000,0x00000000e0000000,0x00000000e4500000)
  from space 11776K, 79% used [0x00000000e4500000,0x00000000e4e17fc0,0x00000000e5080000)
  to   space 12288K, 0% used [0x00000000e6500000,0x00000000e6500000,0x00000000e7100000)
 ParOldGen       total 40448K, used 13898K [0x00000000a0000000, 0x00000000a2780000, 0x00000000e0000000)
  object space 40448K, 34% used [0x00000000a0000000,0x00000000a0d92978,0x00000000a2780000)
 Metaspace       used 34594K, capacity 35172K, committed 35416K, reserved 1079296K
  class space    used 4759K, capacity 4933K, committed 4992K, reserved 1048576K
}
Event: 42.917 GC heap before
{Heap before GC invocations=13 (full 2):
 PSYoungGen      total 82432K, used 9311K [0x00000000e0000000, 0x00000000e7100000, 0x0000000100000000)
  eden space 70656K, 0% used [0x00000000e0000000,0x00000000e0000000,0x00000000e4500000)
  from space 11776K, 79% used [0x00000000e4500000,0x00000000e4e17fc0,0x00000000e5080000)
  to   space 12288K, 0% used [0x00000000e6500000,0x00000000e6500000,0x00000000e7100000)
 ParOldGen       total 40448K, used 13898K [0x00000000a0000000, 0x00000000a2780000, 0x00000000e0000000)
  object space 40448K, 34% used [0x00000000a0000000,0x00000000a0d92978,0x00000000a2780000)
 Metaspace       used 34594K, capacity 35172K, committed 35416K, reserved 1079296K
  class space    used 4759K, capacity 4933K, committed 4992K, reserved 1048576K
Event: 43.188 GC heap after
Heap after GC invocations=13 (full 2):
 PSYoungGen      total 82432K, used 0K [0x00000000e0000000, 0x00000000e7100000, 0x0000000100000000)
  eden space 70656K, 0% used [0x00000000e0000000,0x00000000e0000000,0x00000000e4500000)
  from space 11776K, 0% used [0x00000000e4500000,0x00000000e4500000,0x00000000e5080000)
  to   space 12288K, 0% used [0x00000000e6500000,0x00000000e6500000,0x00000000e7100000)
 ParOldGen       total 54784K, used 16072K [0x00000000a0000000, 0x00000000a3580000, 0x00000000e0000000)
  object space 54784K, 29% used [0x00000000a0000000,0x00000000a0fb23a8,0x00000000a3580000)
 Metaspace       used 34594K, capacity 35172K, committed 35416K, reserved 1079296K
  class space    used 4759K, capacity 4933K, committed 4992K, reserved 1048576K
}

Deoptimization events (10 events):
Event: 43.879 Thread 0x0000000018fe4800 Uncommon trap: reason=unstable_if action=reinterpret pc=0x0000000002dd98e4 method=java.io.BufferedInputStream.read([BII)I @ 56
Event: 43.920 Thread 0x0000000018fe4800 Uncommon trap: reason=unstable_if action=reinterpret pc=0x0000000002567e50 method=java.util.regex.Pattern.has(I)Z @ 6
Event: 45.048 Thread 0x0000000018fe4800 Uncommon trap: reason=unstable_if action=reinterpret pc=0x0000000002dd6aa4 method=java.lang.Integer.valueOf(I)Ljava/lang/Integer; @ 3
Event: 45.639 Thread 0x0000000018fe4800 Uncommon trap: reason=unstable_if action=reinterpret pc=0x0000000002a1b9d0 method=sun.misc.MetaIndex.mayContain(Ljava/lang/String;)Z @ 38
Event: 45.668 Thread 0x0000000018fe4800 Uncommon trap: reason=unstable_if action=reinterpret pc=0x0000000002e175d8 method=java.security.CodeSource.hashCode()I @ 4
Event: 45.668 Thread 0x0000000018fe4800 Uncommon trap: reason=unstable_if action=reinterpret pc=0x000000000285ba08 method=java.security.CodeSource.hashCode()I @ 4
Event: 59.919 Thread 0x0000000018fe4800 Uncommon trap: reason=unstable_if action=reinterpret pc=0x00000000028b4194 method=java.util.jar.JarFile.maybeInstantiateVerifier()V @ 75
Event: 59.921 Thread 0x0000000018fe4800 Uncommon trap: reason=unstable_if action=reinterpret pc=0x000000000291204c method=java.util.jar.Attributes$Name.isDigit(C)Z @ 3
Event: 59.982 Thread 0x0000000018fe4800 Uncommon trap: reason=unstable_if action=reinterpret pc=0x0000000002f6ae8c method=java.lang.ThreadLocal.get()Ljava/lang/Object; @ 11
Event: 61.601 Thread 0x0000000018fe4800 Uncommon trap: reason=unstable_if action=reinterpret pc=0x0000000002ca7828 method=java.util.HashMap.putVal(ILjava/lang/Object;Ljava/lang/Object;ZZ)Ljava/lang/Object; @ 236

Classes redefined (0 events):
No events

Internal exceptions (10 events):
Event: 42.063 Thread 0x0000000018fe4800 Exception <a 'java/lang/ClassNotFoundException': org/gradle/api/internal/ConventionTaskCustomizer> (0x00000000e06dc0d0) thrown at [D:\src\AOSP-openjdk-cygwin\jdk8u\hotspot\src\share\vm\classfile\systemDictionary.cpp, line 210]
Event: 42.069 Thread 0x0000000018fe4800 Exception <a 'java/lang/ClassNotFoundException': org/gradle/api/tasks/DeleteCustomizer> (0x00000000e0717a60) thrown at [D:\src\AOSP-openjdk-cygwin\jdk8u\hotspot\src\share\vm\classfile\systemDictionary.cpp, line 210]
Event: 42.080 Thread 0x0000000018fe4800 Exception <a 'java/lang/ClassNotFoundException': org/gradle/api/tasks/Delete_DecoratedCustomizer> (0x00000000e07604f0) thrown at [D:\src\AOSP-openjdk-cygwin\jdk8u\hotspot\src\share\vm\classfile\systemDictionary.cpp, line 210]
Event: 42.362 Thread 0x0000000018fe4800 Exception <a 'java/lang/ClassNotFoundException': build_7clh8m8zbn3wscxobjgtsbypmBeanInfo> (0x00000000e0851c28) thrown at [D:\src\AOSP-openjdk-cygwin\jdk8u\hotspot\src\share\vm\classfile\systemDictionary.cpp, line 210]
Event: 42.364 Thread 0x0000000018fe4800 Exception <a 'java/lang/ClassNotFoundException': build_7clh8m8zbn3wscxobjgtsbypmCustomizer> (0x00000000e085d808) thrown at [D:\src\AOSP-openjdk-cygwin\jdk8u\hotspot\src\share\vm\classfile\systemDictionary.cpp, line 210]
Event: 42.414 Thread 0x0000000018fe4800 Exception <a 'java/lang/ClassNotFoundException': org/gradle/api/internal/plugins/DefaultObjectConfigurationActionBeanInfo> (0x00000000e08cc7b8) thrown at [D:\src\AOSP-openjdk-cygwin\jdk8u\hotspot\src\share\vm\classfile\systemDictionary.cpp, line 210]
Event: 42.417 Thread 0x0000000018fe4800 Exception <a 'java/lang/ClassNotFoundException': org/gradle/api/internal/plugins/DefaultObjectConfigurationActionCustomizer> (0x00000000e0909958) thrown at [D:\src\AOSP-openjdk-cygwin\jdk8u\hotspot\src\share\vm\classfile\systemDictionary.cpp, line 210]
Event: 45.667 Thread 0x0000000018fe4800 Implicit null exception at 0x0000000002e11e04 to 0x0000000002e1757d
Event: 45.668 Thread 0x0000000018fe4800 Implicit null exception at 0x000000000285b715 to 0x000000000285b9f9
Event: 59.982 Thread 0x0000000018fe4800 Implicit null exception at 0x0000000002f6a928 to 0x0000000002f6ae75

Events (10 events):
Event: 61.917 loading class java/security/CryptoPrimitive done
Event: 61.918 loading class sun/security/pkcs/PKCS9Attributes
Event: 61.926 loading class sun/security/pkcs/PKCS9Attributes done
Event: 61.926 loading class sun/security/pkcs/PKCS9Attribute
Event: 61.927 loading class sun/security/pkcs/PKCS9Attribute done
Event: 61.986 loading class sun/security/rsa/SunRsaSign
Event: 61.987 loading class sun/security/rsa/SunRsaSign done
Event: 61.987 loading class sun/security/rsa/SunRsaSignEntries
Event: 62.009 loading class sun/security/rsa/SunRsaSignEntries done
Event: 62.011 loading class sun/security/rsa/RSAKeyFactory


Dynamic libraries:
0x00007ff64cdf0000 - 0x00007ff64ce21000 	C:\Program Files\Android\Android Studio\jre\bin\java.exe
0x00007ffa59210000 - 0x00007ffa593d1000 	C:\Windows\SYSTEM32\ntdll.dll
0x00007ffa56760000 - 0x00007ffa5680d000 	C:\Windows\system32\KERNEL32.DLL
0x00007ffa55a10000 - 0x00007ffa55bf8000 	C:\Windows\system32\KERNELBASE.dll
0x00007ffa57420000 - 0x00007ffa574c7000 	C:\Windows\system32\ADVAPI32.dll
0x00007ffa57c00000 - 0x00007ffa57c9d000 	C:\Windows\system32\msvcrt.dll
0x00007ffa57810000 - 0x00007ffa5786b000 	C:\Windows\system32\sechost.dll
0x00007ffa57300000 - 0x00007ffa5741c000 	C:\Windows\system32\RPCRT4.dll
0x00007ffa579f0000 - 0x00007ffa57b46000 	C:\Windows\system32\USER32.dll
0x00007ffa56e90000 - 0x00007ffa57016000 	C:\Windows\system32\GDI32.dll
0x00007ffa4b2a0000 - 0x00007ffa4b514000 	C:\Windows\WinSxS\amd64_microsoft.windows.common-controls_6595b64144ccf1df_6.0.10586.494_none_a2d8b04ea53e3145\COMCTL32.dll
0x00007ffa57020000 - 0x00007ffa5729d000 	C:\Windows\system32\combase.dll
0x00007ffa55c20000 - 0x00007ffa55c8a000 	C:\Windows\system32\bcryptPrimitives.dll
0x00007ffa57880000 - 0x00007ffa578bb000 	C:\Windows\system32\IMM32.DLL
0x0000000062b00000 - 0x0000000062bd2000 	C:\Program Files\Android\Android Studio\jre\jre\bin\msvcr100.dll
0x0000000062be0000 - 0x0000000063426000 	C:\Program Files\Android\Android Studio\jre\jre\bin\server\jvm.dll
0x00007ffa59200000 - 0x00007ffa59208000 	C:\Windows\system32\PSAPI.DLL
0x00007ffa51e50000 - 0x00007ffa51e59000 	C:\Windows\SYSTEM32\WSOCK32.dll
0x00007ffa53b70000 - 0x00007ffa53b93000 	C:\Windows\SYSTEM32\WINMM.dll
0x00007ffa51980000 - 0x00007ffa5198a000 	C:\Windows\SYSTEM32\VERSION.dll
0x00007ffa56e20000 - 0x00007ffa56e8b000 	C:\Windows\system32\WS2_32.dll
0x00000000009f0000 - 0x0000000000a1c000 	C:\Windows\SYSTEM32\WINMMBASE.dll
0x00007ffa565c0000 - 0x00007ffa56603000 	C:\Windows\system32\cfgmgr32.dll
0x00007ffa51e20000 - 0x00007ffa51e2f000 	C:\Program Files\Android\Android Studio\jre\jre\bin\verify.dll
0x00007ffa3cbb0000 - 0x00007ffa3cbd9000 	C:\Program Files\Android\Android Studio\jre\jre\bin\java.dll
0x00007ffa3cb90000 - 0x00007ffa3cba6000 	C:\Program Files\Android\Android Studio\jre\jre\bin\zip.dll
0x00007ffa57ca0000 - 0x00007ffa591fc000 	C:\Windows\system32\SHELL32.dll
0x00007ffa55f70000 - 0x00007ffa565b5000 	C:\Windows\system32\windows.storage.dll
0x00007ffa572a0000 - 0x00007ffa572f2000 	C:\Windows\system32\shlwapi.dll
0x00007ffa55830000 - 0x00007ffa5583f000 	C:\Windows\system32\kernel.appcore.dll
0x00007ffa558c0000 - 0x00007ffa55975000 	C:\Windows\system32\shcore.dll
0x00007ffa55840000 - 0x00007ffa5588b000 	C:\Windows\system32\powrprof.dll
0x00007ffa558a0000 - 0x00007ffa558b4000 	C:\Windows\system32\profapi.dll
0x00007ffa3cb70000 - 0x00007ffa3cb8a000 	C:\Program Files\Android\Android Studio\jre\jre\bin\net.dll
0x00007ffa55100000 - 0x00007ffa5515c000 	C:\Windows\system32\mswsock.dll
0x00007ffa3cb50000 - 0x00007ffa3cb61000 	C:\Program Files\Android\Android Studio\jre\jre\bin\nio.dll
0x00007ffa4b5c0000 - 0x00007ffa4b5e6000 	C:\Users\Vijay\.gradle\native\29\windows-amd64\native-platform.dll
0x00007ffa4c930000 - 0x00007ffa4c93d000 	C:\Program Files\Android\Android Studio\jre\jre\bin\management.dll
0x00007ffa551b0000 - 0x00007ffa551c7000 	C:\Windows\SYSTEM32\CRYPTSP.dll
0x00007ffa54e40000 - 0x00007ffa54e74000 	C:\Windows\system32\rsaenh.dll
0x00007ffa55770000 - 0x00007ffa55799000 	C:\Windows\SYSTEM32\bcrypt.dll
0x00007ffa54f90000 - 0x00007ffa54faf000 	C:\Windows\SYSTEM32\USERENV.dll
0x00007ffa552d0000 - 0x00007ffa552db000 	C:\Windows\SYSTEM32\CRYPTBASE.dll
0x00007ffa51ce0000 - 0x00007ffa51d18000 	C:\Windows\SYSTEM32\IPHLPAPI.DLL
0x00007ffa574d0000 - 0x00007ffa574d8000 	C:\Windows\system32\NSI.dll
0x00007ffa4f960000 - 0x00007ffa4f976000 	C:\Windows\SYSTEM32\dhcpcsvc6.DLL
0x00007ffa51a00000 - 0x00007ffa51a1a000 	C:\Windows\SYSTEM32\dhcpcsvc.DLL

VM Arguments:
jvm_args: -Xmx1536m -Dfile.encoding=windows-1252 -Duser.country=US -Duser.language=en -Duser.variant 
java_command: org.gradle.launcher.daemon.bootstrap.GradleDaemon 5.4.1
java_class_path (initial): C:\Users\Vijay\.gradle\wrapper\dists\gradle-5.4.1-all\3221gyojl5jsh0helicew7rwx\gradle-5.4.1\lib\gradle-launcher-5.4.1.jar
Launcher Type: SUN_STANDARD

Environment Variables:
PATH=C:\ProgramData\Oracle\Java\javapath;C:\Windows\system32;C:\Windows;C:\Windows\System32\Wbem;C:\Windows\System32\WindowsPowerShell\v1.0\
USERNAME=Vijay
OS=Windows_NT
PROCESSOR_IDENTIFIER=AMD64 Family 22 Model 48 Stepping 1, AuthenticAMD



---------------  S Y S T E M  ---------------

OS: Windows 10.0 , 64 bit Build 10586 (10.0.10586.0)

CPU:total 4 (initial active 4) (4 cores per cpu, 1 threads per core) family 22 model 48 stepping 1, cmov, cx8, fxsr, mmx, sse, sse2, sse3, ssse3, sse4.1, sse4.2, popcnt, avx, aes, clmul, mmxext, 3dnowpref, lzcnt, sse4a, tsc, tscinvbit, tscinv, bmi1

Memory: 4k page, physical 3635312k(370696k free), swap 3635312k(7844k free)

vm_info: OpenJDK 64-Bit Server VM (25.202-b03) for windows-amd64 JRE (1.8.0_202-release-1483-b03), built by "builder" with MS VC++ 10.0 (VS2010)

time: Fri Apr 24 20:45:42 2020
timezone: India Standard Time
elapsed time: 62 seconds (0d 0h 1m 2s)

